c:\users\simon\documents\hochschule\t u. p\juce\abgabe_vers1\builds\visualstudio2017\win32\debug\shared code\plugineditor.obj
c:\users\simon\documents\hochschule\t u. p\juce\abgabe_vers1\builds\visualstudio2017\win32\debug\shared code\include_juce_audio_devices.obj
c:\users\simon\documents\hochschule\t u. p\juce\abgabe_vers1\builds\visualstudio2017\win32\debug\shared code\include_juce_core.obj
c:\users\simon\documents\hochschule\t u. p\juce\abgabe_vers1\builds\visualstudio2017\win32\debug\shared code\include_juce_gui_basics.obj
c:\users\simon\documents\hochschule\t u. p\juce\abgabe_vers1\builds\visualstudio2017\win32\debug\shared code\pluginprocessor.obj
c:\users\simon\documents\hochschule\t u. p\juce\abgabe_vers1\builds\visualstudio2017\win32\debug\shared code\include_juce_audio_formats.obj
c:\users\simon\documents\hochschule\t u. p\juce\abgabe_vers1\builds\visualstudio2017\win32\debug\shared code\include_juce_data_structures.obj
c:\users\simon\documents\hochschule\t u. p\juce\abgabe_vers1\builds\visualstudio2017\win32\debug\shared code\include_juce_events.obj
c:\users\simon\documents\hochschule\t u. p\juce\abgabe_vers1\builds\visualstudio2017\win32\debug\shared code\delay.obj
c:\users\simon\documents\hochschule\t u. p\juce\abgabe_vers1\builds\visualstudio2017\win32\debug\shared code\binarydata.obj
c:\users\simon\documents\hochschule\t u. p\juce\abgabe_vers1\builds\visualstudio2017\win32\debug\shared code\include_juce_audio_plugin_client_utils.obj
c:\users\simon\documents\hochschule\t u. p\juce\abgabe_vers1\builds\visualstudio2017\win32\debug\shared code\include_juce_audio_utils.obj
c:\users\simon\documents\hochschule\t u. p\juce\abgabe_vers1\builds\visualstudio2017\win32\debug\shared code\include_juce_gui_extra.obj
c:\users\simon\documents\hochschule\t u. p\juce\abgabe_vers1\builds\visualstudio2017\win32\debug\shared code\controlpane.obj
c:\users\simon\documents\hochschule\t u. p\juce\abgabe_vers1\builds\visualstudio2017\win32\debug\shared code\include_juce_audio_basics.obj
c:\users\simon\documents\hochschule\t u. p\juce\abgabe_vers1\builds\visualstudio2017\win32\debug\shared code\include_juce_audio_processors.obj
c:\users\simon\documents\hochschule\t u. p\juce\abgabe_vers1\builds\visualstudio2017\win32\debug\shared code\include_juce_graphics.obj
c:\users\simon\documents\hochschule\t u. p\juce\abgabe_vers1\builds\visualstudio2017\win32\debug\shared code\simpledelay_sharedcode.pdb
c:\users\simon\documents\hochschule\t u. p\juce\abgabe_vers1\builds\visualstudio2017\win32\debug\shared code\simpledelay.lib
c:\users\simon\documents\hochschule\t u. p\juce\abgabe_vers1\builds\visualstudio2017\win32\debug\shared code\simplede.75ab28b1.tlog\cl.11108.write.1.tlog
c:\users\simon\documents\hochschule\t u. p\juce\abgabe_vers1\builds\visualstudio2017\win32\debug\shared code\simplede.75ab28b1.tlog\cl.command.1.tlog
c:\users\simon\documents\hochschule\t u. p\juce\abgabe_vers1\builds\visualstudio2017\win32\debug\shared code\simplede.75ab28b1.tlog\cl.read.1.tlog
c:\users\simon\documents\hochschule\t u. p\juce\abgabe_vers1\builds\visualstudio2017\win32\debug\shared code\simplede.75ab28b1.tlog\lib-link.read.1.tlog
c:\users\simon\documents\hochschule\t u. p\juce\abgabe_vers1\builds\visualstudio2017\win32\debug\shared code\simplede.75ab28b1.tlog\lib-link.write.1.tlog
c:\users\simon\documents\hochschule\t u. p\juce\abgabe_vers1\builds\visualstudio2017\win32\debug\shared code\simplede.75ab28b1.tlog\lib.command.1.tlog
